<?xml version="1.0" encoding="UTF-8"?>
<!-- Generated by org.testng.reporters.JUnitReportReporter -->
<testsuite hostname="LAPTOP-0LVDC1NH" failures="0" tests="1" name="com.ecom.qa.testcases.PaymentPageTest" time="14.754" errors="0" timestamp="2020-06-25T15:39:40 CDT" skipped="0">
  <testcase classname="com.ecom.qa.testcases.PaymentPageTest" name="VerifyClickOnConfirmedMyOrderPageTest" time="14.754"/>
  <system-out/>
</testsuite> <!-- com.ecom.qa.testcases.PaymentPageTest -->
