<?xml version="1.0" encoding="UTF-8"?>
<!-- Generated by org.testng.reporters.JUnitReportReporter -->
<testsuite hostname="LAPTOP-0LVDC1NH" failures="0" tests="3" name="com.ecom.qa.testcases.LoginPageTest" time="20.012" errors="0" timestamp="2020-06-29T15:28:52 CDT" skipped="0">
  <testcase classname="com.ecom.qa.testcases.LoginPageTest" name="LoginPageTitleTest" time="5.489"/>
  <system-out/>
  <testcase classname="com.ecom.qa.testcases.LoginPageTest" name="logoImageTest" time="6.657"/>
  <system-out/>
  <testcase classname="com.ecom.qa.testcases.LoginPageTest" name="loginTest" time="7.866"/>
  <system-out/>
</testsuite> <!-- com.ecom.qa.testcases.LoginPageTest -->
