<?xml version="1.0" encoding="UTF-8"?>
<!-- Generated by org.testng.reporters.JUnitReportReporter -->
<testsuite hostname="LAPTOP-0LVDC1NH" failures="0" tests="1" name="com.ecom.qa.testcases.ConfirmedOrderPageTest" time="20.513" errors="0" timestamp="2020-06-25T18:07:04 CDT" skipped="0">
  <testcase classname="com.ecom.qa.testcases.ConfirmedOrderPageTest" name="ValidateConfirmedMyOrderLinkPageTest" time="20.513"/>
  <system-out/>
</testsuite> <!-- com.ecom.qa.testcases.ConfirmedOrderPageTest -->
