<?xml version="1.0" encoding="UTF-8"?>
<!-- Generated by org.testng.reporters.JUnitReportReporter -->
<testsuite hostname="LAPTOP-0LVDC1NH" failures="0" tests="4" name="com.ecom.qa.testcases.MyAccountPageTest" time="41.115" errors="0" timestamp="2020-06-28T22:43:52 CDT" skipped="0">
  <testcase classname="com.ecom.qa.testcases.MyAccountPageTest" name="verifyOrderpagetitleTest" time="9.913"/>
  <system-out/>
  <testcase classname="com.ecom.qa.testcases.MyAccountPageTest" name="verifyUserNameTest" time="9.523"/>
  <system-out/>
  <testcase classname="com.ecom.qa.testcases.MyAccountPageTest" name="verifyOrderHistoryLinkTest" time="10.539"/>
  <system-out/>
  <testcase classname="com.ecom.qa.testcases.MyAccountPageTest" name="verifyHomelinkTest" time="11.140"/>
  <system-out/>
</testsuite> <!-- com.ecom.qa.testcases.MyAccountPageTest -->
