<?xml version="1.0" encoding="UTF-8"?>
<!-- Generated by org.testng.reporters.JUnitReportReporter -->
<testsuite hostname="LAPTOP-0LVDC1NH" failures="0" tests="2" name="com.ecom.qa.testcases.HomePageTest" time="21.751" errors="0" timestamp="2020-06-29T15:28:52 CDT" skipped="0">
  <testcase classname="com.ecom.qa.testcases.HomePageTest" name="validatehomepagetitleTest" time="11.735"/>
  <system-out/>
  <testcase classname="com.ecom.qa.testcases.HomePageTest" name="clickonTshortImage" time="10.016"/>
  <system-out/>
</testsuite> <!-- com.ecom.qa.testcases.HomePageTest -->
