<?xml version="1.0" encoding="UTF-8"?>
<!-- Generated by org.testng.reporters.JUnitReportReporter -->
<testsuite hostname="LAPTOP-0LVDC1NH" failures="0" tests="2" name="com.ecom.qa.testcases.ProceedToCheckOutPageTest" time="21.060" errors="0" timestamp="2020-06-25T12:18:16 CDT" skipped="0">
  <testcase classname="com.ecom.qa.testcases.ProceedToCheckOutPageTest" name="validatecolourofTshort" time="10.806"/>
  <system-out/>
  <testcase classname="com.ecom.qa.testcases.ProceedToCheckOutPageTest" name="VerifyProceedToCheckOutButton" time="10.254"/>
  <system-out/>
</testsuite> <!-- com.ecom.qa.testcases.ProceedToCheckOutPageTest -->
