<?xml version="1.0" encoding="UTF-8"?>
<!-- Generated by org.testng.reporters.JUnitReportReporter -->
<testsuite hostname="LAPTOP-0LVDC1NH" failures="0" tests="2" name="com.ecom.qa.testcases.SummeryPageTest" time="23.590" errors="0" timestamp="2020-06-25T12:26:42 CDT" skipped="0">
  <testcase classname="com.ecom.qa.testcases.SummeryPageTest" name="VerifyTitleOfSummeryPageTest" time="12.507"/>
  <system-out/>
  <testcase classname="com.ecom.qa.testcases.SummeryPageTest" name="ClickCheckoutBUttonTest" time="11.083"/>
  <system-out/>
</testsuite> <!-- com.ecom.qa.testcases.SummeryPageTest -->
