<?xml version="1.0" encoding="UTF-8"?>
<!-- Generated by org.testng.reporters.JUnitReportReporter -->
<testsuite hostname="LAPTOP-0LVDC1NH" failures="0" tests="2" name="com.ecom.qa.testcases.AddToCardPageTest" time="21.376" errors="0" timestamp="2020-06-25T11:39:03 CDT" skipped="0">
  <testcase classname="com.ecom.qa.testcases.AddToCardPageTest" name="verifyAddToCartpageTitle" time="11.706"/>
  <system-out/>
  <testcase classname="com.ecom.qa.testcases.AddToCardPageTest" name="verifyaddToCartpageButton" time="9.670"/>
  <system-out/>
</testsuite> <!-- com.ecom.qa.testcases.AddToCardPageTest -->
