<?xml version="1.0" encoding="UTF-8"?>
<!-- Generated by org.testng.reporters.JUnitReportReporter -->
<testsuite hostname="LAPTOP-0LVDC1NH" failures="0" tests="1" name="com.ecom.qa.testcases.SignupPageTest" time="9.482" errors="0" timestamp="2020-06-28T23:21:27 CDT" skipped="0">
  <testcase classname="com.ecom.qa.testcases.SignupPageTest" name="validateSigninLinkTest" time="9.482"/>
  <system-out/>
</testsuite> <!-- com.ecom.qa.testcases.SignupPageTest -->
