<?xml version="1.0" encoding="UTF-8"?>
<!-- Generated by org.testng.reporters.JUnitReportReporter -->
<testsuite hostname="LAPTOP-0LVDC1NH" failures="0" tests="1" name="com.ecom.qa.testcases.ShippingPageTest" time="13.590" errors="0" timestamp="2020-06-25T15:22:33 CDT" skipped="0">
  <testcase classname="com.ecom.qa.testcases.ShippingPageTest" name="CheckTermsOfServiceAnsClickOnCheckOut" time="13.590"/>
  <system-out/>
</testsuite> <!-- com.ecom.qa.testcases.ShippingPageTest -->
