<?xml version="1.0" encoding="UTF-8"?>
<!-- Generated by org.testng.reporters.JUnitReportReporter -->
<testsuite hostname="LAPTOP-0LVDC1NH" failures="0" tests="1" name="com.ecom.qa.testcases.CreateAccountPageTest" time="0.000" errors="0" timestamp="2020-06-29T10:31:58 CDT" skipped="1">
  <testcase classname="com.ecom.qa.testcases.CreateAccountPageTest" name="CreateAnAccountPageTest" time="0.000">
    <skipped/>
  </testcase> <!-- CreateAnAccountPageTest -->
  <system-out/>
</testsuite> <!-- com.ecom.qa.testcases.CreateAccountPageTest -->
