<?xml version="1.0" encoding="UTF-8"?>
<!-- Generated by org.testng.reporters.JUnitReportReporter -->
<testsuite hostname="LAPTOP-0LVDC1NH" failures="0" tests="2" name="com.ecom.qa.testcases.AddressPageTest" time="29.073" errors="0" timestamp="2020-06-25T14:29:09 CDT" skipped="0">
  <testcase classname="com.ecom.qa.testcases.AddressPageTest" name="validateDeliveryAddressPageTest" time="13.916"/>
  <system-out/>
  <testcase classname="com.ecom.qa.testcases.AddressPageTest" name="proceedToCheckLinkButtonTest" time="15.157"/>
  <system-out/>
</testsuite> <!-- com.ecom.qa.testcases.AddressPageTest -->
